<?xml version="1.0" encoding="UTF-8"?>
<testsuite name="com.opsly.backend.service.FacebookServiceTest" tests="1" skipped="0" failures="0" errors="0" timestamp="2020-03-20T13:02:40" hostname="JAVAINTERVIE-PC" time="5.666">
  <properties/>
  <testcase name="testFacebookService()" classname="com.opsly.backend.service.FacebookServiceTest" time="5.666"/>
  <system-out><![CDATA[2020-03-20 18:32:39.253  INFO 4436 --- [    Test worker] .b.t.c.SpringBootTestContextBootstrapper : Neither @ContextConfiguration nor @ContextHierarchy found for test class [com.opsly.backend.service.FacebookServiceTest], using SpringBootContextLoader
2020-03-20 18:32:39.255  INFO 4436 --- [    Test worker] o.s.t.c.support.AbstractContextLoader    : Could not detect default resource locations for test class [com.opsly.backend.service.FacebookServiceTest]: no resource found for suffixes {-context.xml, Context.groovy}.
2020-03-20 18:32:39.256  INFO 4436 --- [    Test worker] t.c.s.AnnotationConfigContextLoaderUtils : Could not detect default configuration classes for test class [com.opsly.backend.service.FacebookServiceTest]: FacebookServiceTest does not declare any static, non-private, non-final, nested classes annotated with @Configuration.
2020-03-20 18:32:39.275  INFO 4436 --- [    Test worker] .b.t.c.SpringBootTestContextBootstrapper : Found @SpringBootConfiguration com.opsly.backend.BackendApplication for test class com.opsly.backend.service.FacebookServiceTest
2020-03-20 18:32:39.278  INFO 4436 --- [    Test worker] .b.t.c.SpringBootTestContextBootstrapper : Loaded default TestExecutionListener class names from location [META-INF/spring.factories]: [org.springframework.boot.test.autoconfigure.restdocs.RestDocsTestExecutionListener, org.springframework.boot.test.autoconfigure.web.client.MockRestServiceServerResetTestExecutionListener, org.springframework.boot.test.autoconfigure.web.servlet.MockMvcPrintOnlyOnFailureTestExecutionListener, org.springframework.boot.test.autoconfigure.web.servlet.WebDriverTestExecutionListener, org.springframework.boot.test.mock.mockito.MockitoTestExecutionListener, org.springframework.boot.test.mock.mockito.ResetMocksTestExecutionListener, org.springframework.test.context.web.ServletTestExecutionListener, org.springframework.test.context.support.DirtiesContextBeforeModesTestExecutionListener, org.springframework.test.context.support.DependencyInjectionTestExecutionListener, org.springframework.test.context.support.DirtiesContextTestExecutionListener, org.springframework.test.context.transaction.TransactionalTestExecutionListener, org.springframework.test.context.jdbc.SqlScriptsTestExecutionListener, org.springframework.test.context.event.EventPublishingTestExecutionListener]
2020-03-20 18:32:39.284  INFO 4436 --- [    Test worker] .b.t.c.SpringBootTestContextBootstrapper : Using TestExecutionListeners: [org.springframework.test.context.web.ServletTestExecutionListener@4cd34da7, org.springframework.test.context.support.DirtiesContextBeforeModesTestExecutionListener@5c8e0105, org.springframework.boot.test.mock.mockito.MockitoTestExecutionListener@1db955bd, org.springframework.boot.test.autoconfigure.SpringBootDependencyInjectionTestExecutionListener@59d345d1, org.springframework.test.context.support.DirtiesContextTestExecutionListener@fbb9539, org.springframework.test.context.event.EventPublishingTestExecutionListener@23913be2, org.springframework.boot.test.autoconfigure.restdocs.RestDocsTestExecutionListener@74d28690, org.springframework.boot.test.autoconfigure.web.client.MockRestServiceServerResetTestExecutionListener@376ca816, org.springframework.boot.test.autoconfigure.web.servlet.MockMvcPrintOnlyOnFailureTestExecutionListener@64adf19f, org.springframework.boot.test.autoconfigure.web.servlet.WebDriverTestExecutionListener@4ec998c3, org.springframework.boot.test.mock.mockito.ResetMocksTestExecutionListener@2e4f718c]

  .   ____          _            __ _ _
 /\\ / ___'_ __ _ _(_)_ __  __ _ \ \ \ \
( ( )\___ | '_ | '_| | '_ \/ _` | \ \ \ \
 \\/  ___)| |_)| | | | | || (_| |  ) ) ) )
  '  |____| .__|_| |_|_| |_\__, | / / / /
 =========|_|==============|___/=/_/_/_/
 :: Spring Boot ::        (v2.2.5.RELEASE)

2020-03-20 18:32:39.329  WARN 4436 --- [    Test worker] ory$DuplicateJsonObjectContextCustomizer : 

Found multiple occurrences of org.json.JSONObject on the class path:

	jar:file:/C:/Users/Ali/.gradle/caches/modules-2/files-2.1/org.json/json/20150729/7ad48f520e9f94787fdbf2beb9916c76971bdcb0/json-20150729.jar!/org/json/JSONObject.class
	jar:file:/C:/Users/Ali/.gradle/caches/modules-2/files-2.1/com.vaadin.external.google/android-json/0.0.20131108.vaadin1/fa26d351fe62a6a17f5cda1287c1c6110dec413f/android-json-0.0.20131108.vaadin1.jar!/org/json/JSONObject.class

You may wish to exclude one of them to ensure predictable runtime behavior

2020-03-20 18:32:39.332  INFO 4436 --- [    Test worker] c.o.backend.service.FacebookServiceTest  : Starting FacebookServiceTest on javaintervie-PC with PID 4436 (started by Ali in C:\Users\Ali\Desktop\opsly\opsly-backend-test)
2020-03-20 18:32:39.332  INFO 4436 --- [    Test worker] c.o.backend.service.FacebookServiceTest  : No active profile set, falling back to default profiles: default
2020-03-20 18:32:40.107  INFO 4436 --- [    Test worker] o.s.s.concurrent.ThreadPoolTaskExecutor  : Initializing ExecutorService 'applicationTaskExecutor'
2020-03-20 18:32:40.331  INFO 4436 --- [    Test worker] c.o.backend.service.FacebookServiceTest  : Started FacebookServiceTest in 1.038 seconds (JVM running for 20.282)
]]></system-out>
  <system-err><![CDATA[]]></system-err>
</testsuite>
