<?xml version="1.0" encoding="UTF-8"?>
<testsuite name="com.opsly.backend.service.TwitterServiceTest" tests="1" skipped="0" failures="0" errors="0" timestamp="2020-03-20T13:02:50" hostname="JAVAINTERVIE-PC" time="4.672">
  <properties/>
  <testcase name="testTwitterService()" classname="com.opsly.backend.service.TwitterServiceTest" time="4.672"/>
  <system-out><![CDATA[2020-03-20 18:32:50.684  INFO 4436 --- [    Test worker] .b.t.c.SpringBootTestContextBootstrapper : Neither @ContextConfiguration nor @ContextHierarchy found for test class [com.opsly.backend.service.TwitterServiceTest], using SpringBootContextLoader
2020-03-20 18:32:50.685  INFO 4436 --- [    Test worker] o.s.t.c.support.AbstractContextLoader    : Could not detect default resource locations for test class [com.opsly.backend.service.TwitterServiceTest]: no resource found for suffixes {-context.xml, Context.groovy}.
2020-03-20 18:32:50.688  INFO 4436 --- [    Test worker] t.c.s.AnnotationConfigContextLoaderUtils : Could not detect default configuration classes for test class [com.opsly.backend.service.TwitterServiceTest]: TwitterServiceTest does not declare any static, non-private, non-final, nested classes annotated with @Configuration.
2020-03-20 18:32:50.690  INFO 4436 --- [    Test worker] .b.t.c.SpringBootTestContextBootstrapper : Found @SpringBootConfiguration com.opsly.backend.BackendApplication for test class com.opsly.backend.service.TwitterServiceTest
2020-03-20 18:32:50.693  INFO 4436 --- [    Test worker] .b.t.c.SpringBootTestContextBootstrapper : Loaded default TestExecutionListener class names from location [META-INF/spring.factories]: [org.springframework.boot.test.autoconfigure.restdocs.RestDocsTestExecutionListener, org.springframework.boot.test.autoconfigure.web.client.MockRestServiceServerResetTestExecutionListener, org.springframework.boot.test.autoconfigure.web.servlet.MockMvcPrintOnlyOnFailureTestExecutionListener, org.springframework.boot.test.autoconfigure.web.servlet.WebDriverTestExecutionListener, org.springframework.boot.test.mock.mockito.MockitoTestExecutionListener, org.springframework.boot.test.mock.mockito.ResetMocksTestExecutionListener, org.springframework.test.context.web.ServletTestExecutionListener, org.springframework.test.context.support.DirtiesContextBeforeModesTestExecutionListener, org.springframework.test.context.support.DependencyInjectionTestExecutionListener, org.springframework.test.context.support.DirtiesContextTestExecutionListener, org.springframework.test.context.transaction.TransactionalTestExecutionListener, org.springframework.test.context.jdbc.SqlScriptsTestExecutionListener, org.springframework.test.context.event.EventPublishingTestExecutionListener]
2020-03-20 18:32:50.695  INFO 4436 --- [    Test worker] .b.t.c.SpringBootTestContextBootstrapper : Using TestExecutionListeners: [org.springframework.test.context.web.ServletTestExecutionListener@7d278908, org.springframework.test.context.support.DirtiesContextBeforeModesTestExecutionListener@30fb1e20, org.springframework.boot.test.mock.mockito.MockitoTestExecutionListener@6dc3df7b, org.springframework.boot.test.autoconfigure.SpringBootDependencyInjectionTestExecutionListener@c26dfb5, org.springframework.test.context.support.DirtiesContextTestExecutionListener@4d0878f0, org.springframework.test.context.event.EventPublishingTestExecutionListener@256a656f, org.springframework.boot.test.autoconfigure.restdocs.RestDocsTestExecutionListener@56a15ebe, org.springframework.boot.test.autoconfigure.web.client.MockRestServiceServerResetTestExecutionListener@6c40e8a8, org.springframework.boot.test.autoconfigure.web.servlet.MockMvcPrintOnlyOnFailureTestExecutionListener@6281c228, org.springframework.boot.test.autoconfigure.web.servlet.WebDriverTestExecutionListener@14b6820a, org.springframework.boot.test.mock.mockito.ResetMocksTestExecutionListener@483e6a8c]
]]></system-out>
  <system-err><![CDATA[]]></system-err>
</testsuite>
