<?xml version="1.0" encoding="UTF-8"?>
<testsuite name="com.opsly.backend.service.InstagramServiceTest" tests="1" skipped="0" failures="0" errors="0" timestamp="2020-03-20T13:02:46" hostname="JAVAINTERVIE-PC" time="4.259">
  <properties/>
  <testcase name="testInstagramService()" classname="com.opsly.backend.service.InstagramServiceTest" time="4.259"/>
  <system-out><![CDATA[2020-03-20 18:32:46.410  INFO 4436 --- [    Test worker] .b.t.c.SpringBootTestContextBootstrapper : Neither @ContextConfiguration nor @ContextHierarchy found for test class [com.opsly.backend.service.InstagramServiceTest], using SpringBootContextLoader
2020-03-20 18:32:46.411  INFO 4436 --- [    Test worker] o.s.t.c.support.AbstractContextLoader    : Could not detect default resource locations for test class [com.opsly.backend.service.InstagramServiceTest]: no resource found for suffixes {-context.xml, Context.groovy}.
2020-03-20 18:32:46.411  INFO 4436 --- [    Test worker] t.c.s.AnnotationConfigContextLoaderUtils : Could not detect default configuration classes for test class [com.opsly.backend.service.InstagramServiceTest]: InstagramServiceTest does not declare any static, non-private, non-final, nested classes annotated with @Configuration.
2020-03-20 18:32:46.413  INFO 4436 --- [    Test worker] .b.t.c.SpringBootTestContextBootstrapper : Found @SpringBootConfiguration com.opsly.backend.BackendApplication for test class com.opsly.backend.service.InstagramServiceTest
2020-03-20 18:32:46.414  INFO 4436 --- [    Test worker] .b.t.c.SpringBootTestContextBootstrapper : Loaded default TestExecutionListener class names from location [META-INF/spring.factories]: [org.springframework.boot.test.autoconfigure.restdocs.RestDocsTestExecutionListener, org.springframework.boot.test.autoconfigure.web.client.MockRestServiceServerResetTestExecutionListener, org.springframework.boot.test.autoconfigure.web.servlet.MockMvcPrintOnlyOnFailureTestExecutionListener, org.springframework.boot.test.autoconfigure.web.servlet.WebDriverTestExecutionListener, org.springframework.boot.test.mock.mockito.MockitoTestExecutionListener, org.springframework.boot.test.mock.mockito.ResetMocksTestExecutionListener, org.springframework.test.context.web.ServletTestExecutionListener, org.springframework.test.context.support.DirtiesContextBeforeModesTestExecutionListener, org.springframework.test.context.support.DependencyInjectionTestExecutionListener, org.springframework.test.context.support.DirtiesContextTestExecutionListener, org.springframework.test.context.transaction.TransactionalTestExecutionListener, org.springframework.test.context.jdbc.SqlScriptsTestExecutionListener, org.springframework.test.context.event.EventPublishingTestExecutionListener]
2020-03-20 18:32:46.415  INFO 4436 --- [    Test worker] .b.t.c.SpringBootTestContextBootstrapper : Using TestExecutionListeners: [org.springframework.test.context.web.ServletTestExecutionListener@2c271f70, org.springframework.test.context.support.DirtiesContextBeforeModesTestExecutionListener@7cde5d00, org.springframework.boot.test.mock.mockito.MockitoTestExecutionListener@69137a5a, org.springframework.boot.test.autoconfigure.SpringBootDependencyInjectionTestExecutionListener@4b34a281, org.springframework.test.context.support.DirtiesContextTestExecutionListener@5ffcf808, org.springframework.test.context.event.EventPublishingTestExecutionListener@51c488aa, org.springframework.boot.test.autoconfigure.restdocs.RestDocsTestExecutionListener@23f7f962, org.springframework.boot.test.autoconfigure.web.client.MockRestServiceServerResetTestExecutionListener@4db97737, org.springframework.boot.test.autoconfigure.web.servlet.MockMvcPrintOnlyOnFailureTestExecutionListener@75bdfa30, org.springframework.boot.test.autoconfigure.web.servlet.WebDriverTestExecutionListener@c9adf5, org.springframework.boot.test.mock.mockito.ResetMocksTestExecutionListener@1c696867]
]]></system-out>
  <system-err><![CDATA[]]></system-err>
</testsuite>
